# JRE version: OpenJDK Runtime Environment (11.0.15) (build 11.0.15+0-b2043.56-9505619)
# Java VM: OpenJDK 64-Bit Server VM (11.0.15+0-b2043.56-9505619, mixed mode, tiered, compressed oops, g1 gc, windows-amd64)
Heap:
 garbage-first heap   total 258048K, used 221324K [0x0000000080000000, 0x0000000100000000)
  region size 1024K, 14 young (14336K), 1 survivors (1024K)
 Metaspace       used 128956K, capacity 132464K, committed 132772K, reserved 1165312K
  class space    used 16012K, capacity 17301K, committed 17408K, reserved 1048576K
GC Heap History (20 events):
Event: 2053.215 GC heap before
{Heap before GC invocations=36 (full 0):
 garbage-first heap   total 258048K, used 224132K [0x0000000080000000, 0x0000000100000000)
  region size 1024K, 27 young (27648K), 2 survivors (2048K)
 Metaspace       used 115556K, capacity 118741K, committed 119076K, reserved 1153024K
  class space    used 14436K, capacity 15632K, committed 15744K, reserved 1048576K
}
Event: 2053.222 GC heap after
{Heap after GC invocations=37 (full 0):
 garbage-first heap   total 258048K, used 199516K [0x0000000080000000, 0x0000000100000000)
  region size 1024K, 3 young (3072K), 3 survivors (3072K)
 Metaspace       used 115556K, capacity 118741K, committed 119076K, reserved 1153024K
  class space    used 14436K, capacity 15632K, committed 15744K, reserved 1048576K
}
Event: 2053.331 GC heap before
{Heap before GC invocations=37 (full 0):
 garbage-first heap   total 258048K, used 208732K [0x0000000080000000, 0x0000000100000000)
  region size 1024K, 12 young (12288K), 3 survivors (3072K)
 Metaspace       used 116579K, capacity 119797K, committed 120100K, reserved 1153024K
  class space    used 14464K, capacity 15664K, committed 15744K, reserved 1048576K
}
Event: 2053.342 GC heap after
{Heap after GC invocations=38 (full 0):
 garbage-first heap   total 258048K, used 198519K [0x0000000080000000, 0x0000000100000000)
  region size 1024K, 2 young (2048K), 2 survivors (2048K)
 Metaspace       used 116579K, capacity 119797K, committed 120100K, reserved 1153024K
  class space    used 14464K, capacity 15664K, committed 15744K, reserved 1048576K
}
Event: 2053.499 GC heap before
{Heap before GC invocations=38 (full 0):
 garbage-first heap   total 258048K, used 224119K [0x0000000080000000, 0x0000000100000000)
  region size 1024K, 27 young (27648K), 2 survivors (2048K)
 Metaspace       used 117833K, capacity 121109K, committed 121252K, reserved 1155072K
  class space    used 14628K, capacity 15824K, committed 15872K, reserved 1048576K
}
Event: 2053.507 GC heap after
{Heap after GC invocations=39 (full 0):
 garbage-first heap   total 258048K, used 198713K [0x0000000080000000, 0x0000000100000000)
  region size 1024K, 2 young (2048K), 2 survivors (2048K)
 Metaspace       used 117833K, capacity 121109K, committed 121252K, reserved 1155072K
  class space    used 14628K, capacity 15824K, committed 15872K, reserved 1048576K
}
Event: 2054.571 GC heap before
{Heap before GC invocations=40 (full 0):
 garbage-first heap   total 258048K, used 223289K [0x0000000080000000, 0x0000000100000000)
  region size 1024K, 27 young (27648K), 2 survivors (2048K)
 Metaspace       used 120252K, capacity 123627K, committed 123812K, reserved 1157120K
  class space    used 14900K, capacity 16105K, committed 16128K, reserved 1048576K
}
Event: 2054.581 GC heap after
{Heap after GC invocations=41 (full 0):
 garbage-first heap   total 258048K, used 200657K [0x0000000080000000, 0x0000000100000000)
  region size 1024K, 4 young (4096K), 4 survivors (4096K)
 Metaspace       used 120252K, capacity 123627K, committed 123812K, reserved 1157120K
  class space    used 14900K, capacity 16105K, committed 16128K, reserved 1048576K
}
Event: 2054.959 GC heap before
{Heap before GC invocations=41 (full 0):
 garbage-first heap   total 258048K, used 208849K [0x0000000080000000, 0x0000000100000000)
  region size 1024K, 12 young (12288K), 4 survivors (4096K)
 Metaspace       used 121057K, capacity 124340K, committed 124452K, reserved 1157120K
  class space    used 15004K, capacity 16213K, committed 16256K, reserved 1048576K
}
Event: 2054.973 GC heap after
{Heap after GC invocations=42 (full 0):
 garbage-first heap   total 258048K, used 200942K [0x0000000080000000, 0x0000000100000000)
  region size 1024K, 1 young (1024K), 1 survivors (1024K)
 Metaspace       used 121057K, capacity 124340K, committed 124452K, reserved 1157120K
  class space    used 15004K, capacity 16213K, committed 16256K, reserved 1048576K
}
Event: 2056.000 GC heap before
{Heap before GC invocations=42 (full 0):
 garbage-first heap   total 258048K, used 224494K [0x0000000080000000, 0x0000000100000000)
  region size 1024K, 24 young (24576K), 1 survivors (1024K)
 Metaspace       used 123645K, capacity 126965K, committed 127140K, reserved 1159168K
  class space    used 15333K, capacity 16571K, committed 16640K, reserved 1048576K
}
Event: 2056.009 GC heap after
{Heap after GC invocations=43 (full 0):
 garbage-first heap   total 258048K, used 202755K [0x0000000080000000, 0x0000000100000000)
  region size 1024K, 3 young (3072K), 3 survivors (3072K)
 Metaspace       used 123645K, capacity 126965K, committed 127140K, reserved 1159168K
  class space    used 15333K, capacity 16571K, committed 16640K, reserved 1048576K
}
Event: 2058.176 GC heap before
{Heap before GC invocations=43 (full 0):
 garbage-first heap   total 258048K, used 223235K [0x0000000080000000, 0x0000000100000000)
  region size 1024K, 24 young (24576K), 3 survivors (3072K)
 Metaspace       used 126974K, capacity 130425K, committed 130596K, reserved 1163264K
  class space    used 15739K, capacity 16992K, committed 17024K, reserved 1048576K
}
Event: 2058.187 GC heap after
{Heap after GC invocations=44 (full 0):
 garbage-first heap   total 258048K, used 205178K [0x0000000080000000, 0x0000000100000000)
  region size 1024K, 3 young (3072K), 3 survivors (3072K)
 Metaspace       used 126974K, capacity 130425K, committed 130596K, reserved 1163264K
  class space    used 15739K, capacity 16992K, committed 17024K, reserved 1048576K
}
Event: 2059.140 GC heap before
{Heap before GC invocations=44 (full 0):
 garbage-first heap   total 258048K, used 223610K [0x0000000080000000, 0x0000000100000000)
  region size 1024K, 22 young (22528K), 3 survivors (3072K)
 Metaspace       used 127422K, capacity 130824K, committed 130980K, reserved 1163264K
  class space    used 15808K, capacity 17060K, committed 17152K, reserved 1048576K
}
Event: 2059.157 GC heap after
{Heap after GC invocations=45 (full 0):
 garbage-first heap   total 258048K, used 207009K [0x0000000080000000, 0x0000000100000000)
  region size 1024K, 3 young (3072K), 3 survivors (3072K)
 Metaspace       used 127422K, capacity 130824K, committed 130980K, reserved 1163264K
  class space    used 15808K, capacity 17060K, committed 17152K, reserved 1048576K
}
Event: 2060.404 GC heap before
{Heap before GC invocations=46 (full 0):
 garbage-first heap   total 258048K, used 223393K [0x0000000080000000, 0x0000000100000000)
  region size 1024K, 20 young (20480K), 3 survivors (3072K)
 Metaspace       used 127562K, capacity 130967K, committed 131236K, reserved 1163264K
  class space    used 15821K, capacity 17064K, committed 17152K, reserved 1048576K
}
Event: 2060.429 GC heap after
{Heap after GC invocations=47 (full 0):
 garbage-first heap   total 258048K, used 208273K [0x0000000080000000, 0x0000000100000000)
  region size 1024K, 2 young (2048K), 2 survivors (2048K)
 Metaspace       used 127562K, capacity 130967K, committed 131236K, reserved 1163264K
  class space    used 15821K, capacity 17064K, committed 17152K, reserved 1048576K
}
Event: 2061.155 GC heap before
{Heap before GC invocations=47 (full 0):
 garbage-first heap   total 258048K, used 225681K [0x0000000080000000, 0x0000000100000000)
  region size 1024K, 19 young (19456K), 2 survivors (2048K)
 Metaspace       used 128155K, capacity 131707K, committed 131876K, reserved 1163264K
  class space    used 15895K, capacity 17157K, committed 17280K, reserved 1048576K
}
Event: 2061.166 GC heap after
{Heap after GC invocations=48 (full 0):
 garbage-first heap   total 258048K, used 209036K [0x0000000080000000, 0x0000000100000000)
  region size 1024K, 1 young (1024K), 1 survivors (1024K)
 Metaspace       used 128155K, capacity 131707K, committed 131876K, reserved 1163264K
  class space    used 15895K, capacity 17157K, committed 17280K, reserved 1048576K
}

